{"C:\\Users\\PC\\Documents\\PLP\\Class Work\\MERN\\Week 6\\mern-testing\\testing-and-debugging-ensuring-mern-app-reliability-Padawan33\\server\\src\\app.js": {"path":"C:\\Users\\PC\\Documents\\PLP\\Class Work\\MERN\\Week 6\\mern-testing\\testing-and-debugging-ensuring-mern-app-reliability-Padawan33\\server\\src\\app.js","statementMap":{"0":{"start":{"line":1,"column":16},"end":{"line":1,"column":34}},"1":{"start":{"line":2,"column":13},"end":{"line":2,"column":28}},"2":{"start":{"line":4,"column":19},"end":{"line":4,"column":44}},"3":{"start":{"line":5,"column":19},"end":{"line":5,"column":43}},"4":{"start":{"line":7,"column":12},"end":{"line":7,"column":21}},"5":{"start":{"line":10,"column":0},"end":{"line":10,"column":16}},"6":{"start":{"line":11,"column":0},"end":{"line":11,"column":24}},"7":{"start":{"line":15,"column":0},"end":{"line":15,"column":34}},"8":{"start":{"line":16,"column":0},"end":{"line":16,"column":33}},"9":{"start":{"line":19,"column":0},"end":{"line":21,"column":3}},"10":{"start":{"line":20,"column":2},"end":{"line":20,"column":41}},"11":{"start":{"line":23,"column":0},"end":{"line":23,"column":21}}},"fnMap":{"0":{"name":"(anonymous_0)","decl":{"start":{"line":19,"column":23},"end":{"line":19,"column":24}},"loc":{"start":{"line":19,"column":37},"end":{"line":21,"column":1}},"line":19}},"branchMap":{},"s":{"0":2,"1":2,"2":2,"3":2,"4":2,"5":2,"6":2,"7":2,"8":2,"9":2,"10":0,"11":2},"f":{"0":0},"b":{},"_coverageSchema":"1a1c01bbd47fc00a2c39e90264f33305004495a9","hash":"c1464a3ab9042a8ab2d5ead2d32e63cb4d439c0d"}
,"C:\\Users\\PC\\Documents\\PLP\\Class Work\\MERN\\Week 6\\mern-testing\\testing-and-debugging-ensuring-mern-app-reliability-Padawan33\\server\\src\\controllers\\authController.js": {"path":"C:\\Users\\PC\\Documents\\PLP\\Class Work\\MERN\\Week 6\\mern-testing\\testing-and-debugging-ensuring-mern-app-reliability-Padawan33\\server\\src\\controllers\\authController.js","statementMap":{"0":{"start":{"line":1,"column":13},"end":{"line":1,"column":38}},"1":{"start":{"line":2,"column":26},"end":{"line":2,"column":50}},"2":{"start":{"line":6,"column":21},"end":{"line":40,"column":1}},"3":{"start":{"line":7,"column":2},"end":{"line":39,"column":3}},"4":{"start":{"line":8,"column":42},"end":{"line":8,"column":50}},"5":{"start":{"line":10,"column":4},"end":{"line":12,"column":5}},"6":{"start":{"line":11,"column":6},"end":{"line":11,"column":72}},"7":{"start":{"line":15,"column":23},"end":{"line":15,"column":52}},"8":{"start":{"line":16,"column":4},"end":{"line":18,"column":5}},"9":{"start":{"line":17,"column":6},"end":{"line":17,"column":70}},"10":{"start":{"line":21,"column":17},"end":{"line":25,"column":6}},"11":{"start":{"line":27,"column":4},"end":{"line":36,"column":5}},"12":{"start":{"line":28,"column":6},"end":{"line":33,"column":9}},"13":{"start":{"line":35,"column":6},"end":{"line":35,"column":61}},"14":{"start":{"line":38,"column":4},"end":{"line":38,"column":53}},"15":{"start":{"line":44,"column":18},"end":{"line":64,"column":1}},"16":{"start":{"line":45,"column":2},"end":{"line":63,"column":3}},"17":{"start":{"line":46,"column":32},"end":{"line":46,"column":40}},"18":{"start":{"line":48,"column":17},"end":{"line":48,"column":46}},"19":{"start":{"line":51,"column":4},"end":{"line":60,"column":5}},"20":{"start":{"line":52,"column":6},"end":{"line":57,"column":9}},"21":{"start":{"line":59,"column":6},"end":{"line":59,"column":63}},"22":{"start":{"line":62,"column":4},"end":{"line":62,"column":53}},"23":{"start":{"line":66,"column":0},"end":{"line":66,"column":45}}},"fnMap":{"0":{"name":"(anonymous_0)","decl":{"start":{"line":6,"column":21},"end":{"line":6,"column":22}},"loc":{"start":{"line":6,"column":41},"end":{"line":40,"column":1}},"line":6},"1":{"name":"(anonymous_1)","decl":{"start":{"line":44,"column":18},"end":{"line":44,"column":19}},"loc":{"start":{"line":44,"column":38},"end":{"line":64,"column":1}},"line":44}},"branchMap":{"0":{"loc":{"start":{"line":10,"column":4},"end":{"line":12,"column":5}},"type":"if","locations":[{"start":{"line":10,"column":4},"end":{"line":12,"column":5}},{"start":{},"end":{}}],"line":10},"1":{"loc":{"start":{"line":10,"column":8},"end":{"line":10,"column":40}},"type":"binary-expr","locations":[{"start":{"line":10,"column":8},"end":{"line":10,"column":17}},{"start":{"line":10,"column":21},"end":{"line":10,"column":27}},{"start":{"line":10,"column":31},"end":{"line":10,"column":40}}],"line":10},"2":{"loc":{"start":{"line":16,"column":4},"end":{"line":18,"column":5}},"type":"if","locations":[{"start":{"line":16,"column":4},"end":{"line":18,"column":5}},{"start":{},"end":{}}],"line":16},"3":{"loc":{"start":{"line":27,"column":4},"end":{"line":36,"column":5}},"type":"if","locations":[{"start":{"line":27,"column":4},"end":{"line":36,"column":5}},{"start":{"line":34,"column":11},"end":{"line":36,"column":5}}],"line":27},"4":{"loc":{"start":{"line":51,"column":4},"end":{"line":60,"column":5}},"type":"if","locations":[{"start":{"line":51,"column":4},"end":{"line":60,"column":5}},{"start":{"line":58,"column":11},"end":{"line":60,"column":5}}],"line":51},"5":{"loc":{"start":{"line":51,"column":8},"end":{"line":51,"column":42}},"type":"binary-expr","locations":[{"start":{"line":51,"column":8},"end":{"line":51,"column":12}},{"start":{"line":51,"column":16},"end":{"line":51,"column":42}}],"line":51}},"s":{"0":2,"1":2,"2":2,"3":2,"4":2,"5":2,"6":0,"7":2,"8":2,"9":1,"10":1,"11":1,"12":1,"13":0,"14":0,"15":2,"16":2,"17":2,"18":2,"19":2,"20":1,"21":1,"22":0,"23":2},"f":{"0":2,"1":2},"b":{"0":[0,2],"1":[2,2,2],"2":[1,1],"3":[1,0],"4":[1,1],"5":[2,2]},"_coverageSchema":"1a1c01bbd47fc00a2c39e90264f33305004495a9","hash":"d00f01536612328ade257f37d77d387b74cf1d75"}
,"C:\\Users\\PC\\Documents\\PLP\\Class Work\\MERN\\Week 6\\mern-testing\\testing-and-debugging-ensuring-mern-app-reliability-Padawan33\\server\\src\\controllers\\postController.js": {"path":"C:\\Users\\PC\\Documents\\PLP\\Class Work\\MERN\\Week 6\\mern-testing\\testing-and-debugging-ensuring-mern-app-reliability-Padawan33\\server\\src\\controllers\\postController.js","statementMap":{"0":{"start":{"line":1,"column":13},"end":{"line":1,"column":38}},"1":{"start":{"line":5,"column":17},"end":{"line":23,"column":1}},"2":{"start":{"line":6,"column":2},"end":{"line":22,"column":3}},"3":{"start":{"line":7,"column":47},"end":{"line":7,"column":56}},"4":{"start":{"line":8,"column":18},"end":{"line":8,"column":20}},"5":{"start":{"line":10,"column":4},"end":{"line":12,"column":5}},"6":{"start":{"line":11,"column":6},"end":{"line":11,"column":32}},"7":{"start":{"line":14,"column":18},"end":{"line":17,"column":30}},"8":{"start":{"line":19,"column":4},"end":{"line":19,"column":32}},"9":{"start":{"line":21,"column":4},"end":{"line":21,"column":53}},"10":{"start":{"line":27,"column":16},"end":{"line":37,"column":1}},"11":{"start":{"line":28,"column":2},"end":{"line":36,"column":3}},"12":{"start":{"line":29,"column":17},"end":{"line":29,"column":51}},"13":{"start":{"line":30,"column":4},"end":{"line":32,"column":5}},"14":{"start":{"line":31,"column":6},"end":{"line":31,"column":65}},"15":{"start":{"line":33,"column":4},"end":{"line":33,"column":31}},"16":{"start":{"line":35,"column":4},"end":{"line":35,"column":53}},"17":{"start":{"line":41,"column":19},"end":{"line":61,"column":1}},"18":{"start":{"line":42,"column":2},"end":{"line":60,"column":3}},"19":{"start":{"line":43,"column":47},"end":{"line":43,"column":55}},"20":{"start":{"line":45,"column":4},"end":{"line":47,"column":5}},"21":{"start":{"line":46,"column":6},"end":{"line":46,"column":70}},"22":{"start":{"line":49,"column":17},"end":{"line":55,"column":6}},"23":{"start":{"line":57,"column":4},"end":{"line":57,"column":31}},"24":{"start":{"line":59,"column":4},"end":{"line":59,"column":53}},"25":{"start":{"line":65,"column":19},"end":{"line":93,"column":1}},"26":{"start":{"line":66,"column":2},"end":{"line":92,"column":3}},"27":{"start":{"line":67,"column":17},"end":{"line":67,"column":51}},"28":{"start":{"line":69,"column":4},"end":{"line":71,"column":5}},"29":{"start":{"line":70,"column":6},"end":{"line":70,"column":65}},"30":{"start":{"line":74,"column":4},"end":{"line":76,"column":5}},"31":{"start":{"line":75,"column":6},"end":{"line":75,"column":65}},"32":{"start":{"line":79,"column":4},"end":{"line":81,"column":5}},"33":{"start":{"line":80,"column":6},"end":{"line":80,"column":70}},"34":{"start":{"line":83,"column":24},"end":{"line":87,"column":5}},"35":{"start":{"line":89,"column":4},"end":{"line":89,"column":38}},"36":{"start":{"line":91,"column":4},"end":{"line":91,"column":53}},"37":{"start":{"line":97,"column":19},"end":{"line":119,"column":1}},"38":{"start":{"line":98,"column":2},"end":{"line":118,"column":3}},"39":{"start":{"line":99,"column":17},"end":{"line":99,"column":51}},"40":{"start":{"line":101,"column":4},"end":{"line":103,"column":5}},"41":{"start":{"line":102,"column":6},"end":{"line":102,"column":65}},"42":{"start":{"line":105,"column":4},"end":{"line":107,"column":5}},"43":{"start":{"line":106,"column":6},"end":{"line":106,"column":65}},"44":{"start":{"line":109,"column":4},"end":{"line":111,"column":5}},"45":{"start":{"line":110,"column":6},"end":{"line":110,"column":70}},"46":{"start":{"line":113,"column":4},"end":{"line":113,"column":27}},"47":{"start":{"line":115,"column":4},"end":{"line":115,"column":48}},"48":{"start":{"line":117,"column":4},"end":{"line":117,"column":53}},"49":{"start":{"line":121,"column":0},"end":{"line":127,"column":2}}},"fnMap":{"0":{"name":"(anonymous_0)","decl":{"start":{"line":5,"column":17},"end":{"line":5,"column":18}},"loc":{"start":{"line":5,"column":37},"end":{"line":23,"column":1}},"line":5},"1":{"name":"(anonymous_1)","decl":{"start":{"line":27,"column":16},"end":{"line":27,"column":17}},"loc":{"start":{"line":27,"column":36},"end":{"line":37,"column":1}},"line":27},"2":{"name":"(anonymous_2)","decl":{"start":{"line":41,"column":19},"end":{"line":41,"column":20}},"loc":{"start":{"line":41,"column":39},"end":{"line":61,"column":1}},"line":41},"3":{"name":"(anonymous_3)","decl":{"start":{"line":65,"column":19},"end":{"line":65,"column":20}},"loc":{"start":{"line":65,"column":39},"end":{"line":93,"column":1}},"line":65},"4":{"name":"(anonymous_4)","decl":{"start":{"line":97,"column":19},"end":{"line":97,"column":20}},"loc":{"start":{"line":97,"column":39},"end":{"line":119,"column":1}},"line":97}},"branchMap":{"0":{"loc":{"start":{"line":7,"column":22},"end":{"line":7,"column":30}},"type":"default-arg","locations":[{"start":{"line":7,"column":29},"end":{"line":7,"column":30}}],"line":7},"1":{"loc":{"start":{"line":7,"column":32},"end":{"line":7,"column":42}},"type":"default-arg","locations":[{"start":{"line":7,"column":40},"end":{"line":7,"column":42}}],"line":7},"2":{"loc":{"start":{"line":10,"column":4},"end":{"line":12,"column":5}},"type":"if","locations":[{"start":{"line":10,"column":4},"end":{"line":12,"column":5}},{"start":{},"end":{}}],"line":10},"3":{"loc":{"start":{"line":30,"column":4},"end":{"line":32,"column":5}},"type":"if","locations":[{"start":{"line":30,"column":4},"end":{"line":32,"column":5}},{"start":{},"end":{}}],"line":30},"4":{"loc":{"start":{"line":45,"column":4},"end":{"line":47,"column":5}},"type":"if","locations":[{"start":{"line":45,"column":4},"end":{"line":47,"column":5}},{"start":{},"end":{}}],"line":45},"5":{"loc":{"start":{"line":45,"column":8},"end":{"line":45,"column":26}},"type":"binary-expr","locations":[{"start":{"line":45,"column":8},"end":{"line":45,"column":14}},{"start":{"line":45,"column":18},"end":{"line":45,"column":26}}],"line":45},"6":{"loc":{"start":{"line":69,"column":4},"end":{"line":71,"column":5}},"type":"if","locations":[{"start":{"line":69,"column":4},"end":{"line":71,"column":5}},{"start":{},"end":{}}],"line":69},"7":{"loc":{"start":{"line":74,"column":4},"end":{"line":76,"column":5}},"type":"if","locations":[{"start":{"line":74,"column":4},"end":{"line":76,"column":5}},{"start":{},"end":{}}],"line":74},"8":{"loc":{"start":{"line":79,"column":4},"end":{"line":81,"column":5}},"type":"if","locations":[{"start":{"line":79,"column":4},"end":{"line":81,"column":5}},{"start":{},"end":{}}],"line":79},"9":{"loc":{"start":{"line":101,"column":4},"end":{"line":103,"column":5}},"type":"if","locations":[{"start":{"line":101,"column":4},"end":{"line":103,"column":5}},{"start":{},"end":{}}],"line":101},"10":{"loc":{"start":{"line":105,"column":4},"end":{"line":107,"column":5}},"type":"if","locations":[{"start":{"line":105,"column":4},"end":{"line":107,"column":5}},{"start":{},"end":{}}],"line":105},"11":{"loc":{"start":{"line":109,"column":4},"end":{"line":111,"column":5}},"type":"if","locations":[{"start":{"line":109,"column":4},"end":{"line":111,"column":5}},{"start":{},"end":{}}],"line":109}},"s":{"0":2,"1":2,"2":4,"3":4,"4":4,"5":4,"6":1,"7":4,"8":4,"9":0,"10":2,"11":2,"12":2,"13":2,"14":1,"15":1,"16":0,"17":2,"18":2,"19":2,"20":2,"21":1,"22":1,"23":1,"24":0,"25":2,"26":2,"27":2,"28":2,"29":0,"30":2,"31":0,"32":2,"33":1,"34":1,"35":1,"36":0,"37":2,"38":1,"39":1,"40":1,"41":0,"42":1,"43":0,"44":1,"45":0,"46":1,"47":1,"48":0,"49":2},"f":{"0":4,"1":2,"2":2,"3":2,"4":1},"b":{"0":[2],"1":[2],"2":[1,3],"3":[1,1],"4":[1,1],"5":[2,1],"6":[0,2],"7":[0,2],"8":[1,1],"9":[0,1],"10":[0,1],"11":[0,1]},"_coverageSchema":"1a1c01bbd47fc00a2c39e90264f33305004495a9","hash":"5093d0786c118c83e68fb0f70137ca7906ec8ffb"}
,"C:\\Users\\PC\\Documents\\PLP\\Class Work\\MERN\\Week 6\\mern-testing\\testing-and-debugging-ensuring-mern-app-reliability-Padawan33\\server\\src\\middleware\\authMiddleware.js": {"path":"C:\\Users\\PC\\Documents\\PLP\\Class Work\\MERN\\Week 6\\mern-testing\\testing-and-debugging-ensuring-mern-app-reliability-Padawan33\\server\\src\\middleware\\authMiddleware.js","statementMap":{"0":{"start":{"line":1,"column":12},"end":{"line":1,"column":35}},"1":{"start":{"line":2,"column":13},"end":{"line":2,"column":38}},"2":{"start":{"line":4,"column":16},"end":{"line":32,"column":1}},"3":{"start":{"line":7,"column":2},"end":{"line":27,"column":3}},"4":{"start":{"line":8,"column":4},"end":{"line":26,"column":5}},"5":{"start":{"line":10,"column":6},"end":{"line":10,"column":54}},"6":{"start":{"line":19,"column":21},"end":{"line":19,"column":61}},"7":{"start":{"line":20,"column":6},"end":{"line":20,"column":33}},"8":{"start":{"line":22,"column":6},"end":{"line":22,"column":13}},"9":{"start":{"line":24,"column":6},"end":{"line":24,"column":25}},"10":{"start":{"line":25,"column":6},"end":{"line":25,"column":58}},"11":{"start":{"line":29,"column":2},"end":{"line":31,"column":3}},"12":{"start":{"line":30,"column":4},"end":{"line":30,"column":66}},"13":{"start":{"line":34,"column":0},"end":{"line":34,"column":29}}},"fnMap":{"0":{"name":"(anonymous_0)","decl":{"start":{"line":4,"column":16},"end":{"line":4,"column":17}},"loc":{"start":{"line":4,"column":42},"end":{"line":32,"column":1}},"line":4}},"branchMap":{"0":{"loc":{"start":{"line":7,"column":2},"end":{"line":27,"column":3}},"type":"if","locations":[{"start":{"line":7,"column":2},"end":{"line":27,"column":3}},{"start":{},"end":{}}],"line":7},"1":{"loc":{"start":{"line":7,"column":6},"end":{"line":7,"column":81}},"type":"binary-expr","locations":[{"start":{"line":7,"column":6},"end":{"line":7,"column":31}},{"start":{"line":7,"column":35},"end":{"line":7,"column":81}}],"line":7},"2":{"loc":{"start":{"line":29,"column":2},"end":{"line":31,"column":3}},"type":"if","locations":[{"start":{"line":29,"column":2},"end":{"line":31,"column":3}},{"start":{},"end":{}}],"line":29}},"s":{"0":3,"1":3,"2":3,"3":10,"4":6,"5":6,"6":6,"7":6,"8":6,"9":0,"10":0,"11":10,"12":4,"13":3},"f":{"0":10},"b":{"0":[6,4],"1":[10,6],"2":[4,6]},"_coverageSchema":"1a1c01bbd47fc00a2c39e90264f33305004495a9","hash":"cfbfe2680052edab886a8d1bddc68bfec2aa2827"}
,"C:\\Users\\PC\\Documents\\PLP\\Class Work\\MERN\\Week 6\\mern-testing\\testing-and-debugging-ensuring-mern-app-reliability-Padawan33\\server\\src\\models\\Post.js": {"path":"C:\\Users\\PC\\Documents\\PLP\\Class Work\\MERN\\Week 6\\mern-testing\\testing-and-debugging-ensuring-mern-app-reliability-Padawan33\\server\\src\\models\\Post.js","statementMap":{"0":{"start":{"line":1,"column":17},"end":{"line":1,"column":36}},"1":{"start":{"line":3,"column":19},"end":{"line":22,"column":24}},"2":{"start":{"line":24,"column":0},"end":{"line":24,"column":76}}},"fnMap":{},"branchMap":{"0":{"loc":{"start":{"line":24,"column":17},"end":{"line":24,"column":75}},"type":"binary-expr","locations":[{"start":{"line":24,"column":17},"end":{"line":24,"column":37}},{"start":{"line":24,"column":41},"end":{"line":24,"column":75}}],"line":24}},"s":{"0":2,"1":2,"2":2},"f":{},"b":{"0":[2,2]},"_coverageSchema":"1a1c01bbd47fc00a2c39e90264f33305004495a9","hash":"dc556f5ce72c82b19284a8792dbfbd4233bb88cb"}
,"C:\\Users\\PC\\Documents\\PLP\\Class Work\\MERN\\Week 6\\mern-testing\\testing-and-debugging-ensuring-mern-app-reliability-Padawan33\\server\\src\\models\\user.js": {"path":"C:\\Users\\PC\\Documents\\PLP\\Class Work\\MERN\\Week 6\\mern-testing\\testing-and-debugging-ensuring-mern-app-reliability-Padawan33\\server\\src\\models\\user.js","statementMap":{"0":{"start":{"line":1,"column":17},"end":{"line":1,"column":36}},"1":{"start":{"line":3,"column":19},"end":{"line":20,"column":24}},"2":{"start":{"line":22,"column":0},"end":{"line":22,"column":76}}},"fnMap":{},"branchMap":{"0":{"loc":{"start":{"line":22,"column":17},"end":{"line":22,"column":75}},"type":"binary-expr","locations":[{"start":{"line":22,"column":17},"end":{"line":22,"column":37}},{"start":{"line":22,"column":41},"end":{"line":22,"column":75}}],"line":22}},"s":{"0":4,"1":4,"2":4},"f":{},"b":{"0":[4,3]},"_coverageSchema":"1a1c01bbd47fc00a2c39e90264f33305004495a9","hash":"8b1614140d469213dcfcb5f806de9b314fc79055"}
,"C:\\Users\\PC\\Documents\\PLP\\Class Work\\MERN\\Week 6\\mern-testing\\testing-and-debugging-ensuring-mern-app-reliability-Padawan33\\server\\src\\routes\\auth.js": {"path":"C:\\Users\\PC\\Documents\\PLP\\Class Work\\MERN\\Week 6\\mern-testing\\testing-and-debugging-ensuring-mern-app-reliability-Padawan33\\server\\src\\routes\\auth.js","statementMap":{"0":{"start":{"line":1,"column":16},"end":{"line":1,"column":34}},"1":{"start":{"line":2,"column":15},"end":{"line":2,"column":31}},"2":{"start":{"line":3,"column":36},"end":{"line":3,"column":76}},"3":{"start":{"line":5,"column":0},"end":{"line":5,"column":39}},"4":{"start":{"line":6,"column":0},"end":{"line":6,"column":33}},"5":{"start":{"line":8,"column":0},"end":{"line":8,"column":24}}},"fnMap":{},"branchMap":{},"s":{"0":2,"1":2,"2":2,"3":2,"4":2,"5":2},"f":{},"b":{},"_coverageSchema":"1a1c01bbd47fc00a2c39e90264f33305004495a9","hash":"fc75165c8771605728341f6df19c895b8133bfb1"}
,"C:\\Users\\PC\\Documents\\PLP\\Class Work\\MERN\\Week 6\\mern-testing\\testing-and-debugging-ensuring-mern-app-reliability-Padawan33\\server\\src\\routes\\posts.js": {"path":"C:\\Users\\PC\\Documents\\PLP\\Class Work\\MERN\\Week 6\\mern-testing\\testing-and-debugging-ensuring-mern-app-reliability-Padawan33\\server\\src\\routes\\posts.js","statementMap":{"0":{"start":{"line":1,"column":16},"end":{"line":1,"column":34}},"1":{"start":{"line":2,"column":15},"end":{"line":2,"column":31}},"2":{"start":{"line":9,"column":4},"end":{"line":9,"column":44}},"3":{"start":{"line":11,"column":20},"end":{"line":11,"column":59}},"4":{"start":{"line":13,"column":0},"end":{"line":13,"column":58}},"5":{"start":{"line":14,"column":0},"end":{"line":14,"column":87}},"6":{"start":{"line":16,"column":0},"end":{"line":16,"column":24}}},"fnMap":{},"branchMap":{},"s":{"0":2,"1":2,"2":2,"3":2,"4":2,"5":2,"6":2},"f":{},"b":{},"_coverageSchema":"1a1c01bbd47fc00a2c39e90264f33305004495a9","hash":"a780e494ce1ce48d4f3eee7f998ac1283df88221"}
,"C:\\Users\\PC\\Documents\\PLP\\Class Work\\MERN\\Week 6\\mern-testing\\testing-and-debugging-ensuring-mern-app-reliability-Padawan33\\server\\src\\utils\\auth.js": {"path":"C:\\Users\\PC\\Documents\\PLP\\Class Work\\MERN\\Week 6\\mern-testing\\testing-and-debugging-ensuring-mern-app-reliability-Padawan33\\server\\src\\utils\\auth.js","statementMap":{"0":{"start":{"line":2,"column":22},"end":{"line":5,"column":1}},"1":{"start":{"line":4,"column":2},"end":{"line":4,"column":42}},"2":{"start":{"line":7,"column":0},"end":{"line":7,"column":35}}},"fnMap":{"0":{"name":"(anonymous_0)","decl":{"start":{"line":2,"column":22},"end":{"line":2,"column":23}},"loc":{"start":{"line":2,"column":32},"end":{"line":5,"column":1}},"line":2}},"branchMap":{},"s":{"0":3,"1":5,"2":3},"f":{"0":5},"b":{},"_coverageSchema":"1a1c01bbd47fc00a2c39e90264f33305004495a9","hash":"35e6131f1e04d74e7a870dec639dda839f9beebf"}
}
