TN:
SF:src\app.js
FN:19,(anonymous_0)
FNF:1
FNH:0
FNDA:0,(anonymous_0)
DA:1,2
DA:2,2
DA:4,2
DA:5,2
DA:7,2
DA:10,2
DA:11,2
DA:15,2
DA:16,2
DA:19,2
DA:20,0
DA:23,2
LF:12
LH:11
BRF:0
BRH:0
end_of_record
TN:
SF:src\controllers\authController.js
FN:6,(anonymous_0)
FN:44,(anonymous_1)
FNF:2
FNH:2
FNDA:2,(anonymous_0)
FNDA:2,(anonymous_1)
DA:1,2
DA:2,2
DA:6,2
DA:7,2
DA:8,2
DA:10,2
DA:11,0
DA:15,2
DA:16,2
DA:17,1
DA:21,1
DA:27,1
DA:28,1
DA:35,0
DA:38,0
DA:44,2
DA:45,2
DA:46,2
DA:48,2
DA:51,2
DA:52,1
DA:59,1
DA:62,0
DA:66,2
LF:24
LH:20
BRDA:10,0,0,0
BRDA:10,0,1,2
BRDA:10,1,0,2
BRDA:10,1,1,2
BRDA:10,1,2,2
BRDA:16,2,0,1
BRDA:16,2,1,1
BRDA:27,3,0,1
BRDA:27,3,1,0
BRDA:51,4,0,1
BRDA:51,4,1,1
BRDA:51,5,0,2
BRDA:51,5,1,2
BRF:13
BRH:11
end_of_record
TN:
SF:src\controllers\postController.js
FN:5,(anonymous_0)
FN:27,(anonymous_1)
FN:41,(anonymous_2)
FN:65,(anonymous_3)
FN:97,(anonymous_4)
FNF:5
FNH:5
FNDA:4,(anonymous_0)
FNDA:2,(anonymous_1)
FNDA:2,(anonymous_2)
FNDA:2,(anonymous_3)
FNDA:1,(anonymous_4)
DA:1,2
DA:5,2
DA:6,4
DA:7,4
DA:8,4
DA:10,4
DA:11,1
DA:14,4
DA:19,4
DA:21,0
DA:27,2
DA:28,2
DA:29,2
DA:30,2
DA:31,1
DA:33,1
DA:35,0
DA:41,2
DA:42,2
DA:43,2
DA:45,2
DA:46,1
DA:49,1
DA:57,1
DA:59,0
DA:65,2
DA:66,2
DA:67,2
DA:69,2
DA:70,0
DA:74,2
DA:75,0
DA:79,2
DA:80,1
DA:83,1
DA:89,1
DA:91,0
DA:97,2
DA:98,1
DA:99,1
DA:101,1
DA:102,0
DA:105,1
DA:106,0
DA:109,1
DA:110,0
DA:113,1
DA:115,1
DA:117,0
DA:121,2
LF:50
LH:40
BRDA:7,0,0,2
BRDA:7,1,0,2
BRDA:10,2,0,1
BRDA:10,2,1,3
BRDA:30,3,0,1
BRDA:30,3,1,1
BRDA:45,4,0,1
BRDA:45,4,1,1
BRDA:45,5,0,2
BRDA:45,5,1,1
BRDA:69,6,0,0
BRDA:69,6,1,2
BRDA:74,7,0,0
BRDA:74,7,1,2
BRDA:79,8,0,1
BRDA:79,8,1,1
BRDA:101,9,0,0
BRDA:101,9,1,1
BRDA:105,10,0,0
BRDA:105,10,1,1
BRDA:109,11,0,0
BRDA:109,11,1,1
BRF:22
BRH:17
end_of_record
TN:
SF:src\middleware\authMiddleware.js
FN:4,(anonymous_0)
FNF:1
FNH:1
FNDA:10,(anonymous_0)
DA:1,3
DA:2,3
DA:4,3
DA:7,10
DA:8,6
DA:10,6
DA:19,6
DA:20,6
DA:22,6
DA:24,0
DA:25,0
DA:29,10
DA:30,4
DA:34,3
LF:14
LH:12
BRDA:7,0,0,6
BRDA:7,0,1,4
BRDA:7,1,0,10
BRDA:7,1,1,6
BRDA:29,2,0,4
BRDA:29,2,1,6
BRF:6
BRH:6
end_of_record
TN:
SF:src\models\Post.js
FNF:0
FNH:0
DA:1,2
DA:3,2
DA:24,2
LF:3
LH:3
BRDA:24,0,0,2
BRDA:24,0,1,2
BRF:2
BRH:2
end_of_record
TN:
SF:src\models\user.js
FNF:0
FNH:0
DA:1,4
DA:3,4
DA:22,4
LF:3
LH:3
BRDA:22,0,0,4
BRDA:22,0,1,3
BRF:2
BRH:2
end_of_record
TN:
SF:src\routes\auth.js
FNF:0
FNH:0
DA:1,2
DA:2,2
DA:3,2
DA:5,2
DA:6,2
DA:8,2
LF:6
LH:6
BRF:0
BRH:0
end_of_record
TN:
SF:src\routes\posts.js
FNF:0
FNH:0
DA:1,2
DA:2,2
DA:9,2
DA:11,2
DA:13,2
DA:14,2
DA:16,2
LF:7
LH:7
BRF:0
BRH:0
end_of_record
TN:
SF:src\utils\auth.js
FN:2,(anonymous_0)
FNF:1
FNH:1
FNDA:5,(anonymous_0)
DA:2,3
DA:4,5
DA:7,3
LF:3
LH:3
BRF:0
BRH:0
end_of_record
